CRITICAL - 2023-10-05 05:26:26 --> Undefined variable $menu
in APPPATH\Views\admin\adminindex.php on line 255.
 1 APPPATH\Views\admin\adminindex.php(255): CodeIgniter\Debug\Exceptions->errorHandler(2, 'Undefined variable $menu', 'C:\\Laragon\\laragon\\www\\ecommercetwo\\app\\Views\\admin\\adminindex.php', 255)
 2 SYSTEMPATH\View\View.php(226): include('C:\\Laragon\\laragon\\www\\ecommercetwo\\app\\Views\\admin\\adminindex.php')
 3 SYSTEMPATH\View\View.php(229): CodeIgniter\View\View->CodeIgniter\View\{closure}()
 4 SYSTEMPATH\Common.php(1188): CodeIgniter\View\View->render('admin/adminindex', [], true)
 5 APPPATH\Controllers\Home.php(18): view('admin/adminindex')
 6 SYSTEMPATH\CodeIgniter.php(919): App\Controllers\Home->admin()
 7 SYSTEMPATH\CodeIgniter.php(494): CodeIgniter\CodeIgniter->runController(Object(App\Controllers\Home))
 8 SYSTEMPATH\CodeIgniter.php(353): CodeIgniter\CodeIgniter->handleRequest(null, Object(Config\Cache), false)
 9 FCPATH\index.php(79): CodeIgniter\CodeIgniter->run()
10 SYSTEMPATH\Commands\Server\rewrite.php(47): require_once('C:\\Laragon\\laragon\\www\\ecommercetwo\\public\\index.php')
CRITICAL - 2023-10-05 06:31:27 --> Class "App\Controllers\ProductModel" not found
in APPPATH\Controllers\Home.php on line 132.
 1 SYSTEMPATH\CodeIgniter.php(919): App\Controllers\Home->deletethistoo()
 2 SYSTEMPATH\CodeIgniter.php(494): CodeIgniter\CodeIgniter->runController(Object(App\Controllers\Home))
 3 SYSTEMPATH\CodeIgniter.php(353): CodeIgniter\CodeIgniter->handleRequest(null, Object(Config\Cache), false)
 4 FCPATH\index.php(79): CodeIgniter\CodeIgniter->run()
 5 SYSTEMPATH\Commands\Server\rewrite.php(47): require_once('C:\\Laragon\\laragon\\www\\ecommercetwo\\public\\index.php')
CRITICAL - 2023-10-05 06:32:55 --> Undefined variable $productmodel
in APPPATH\Controllers\Home.php on line 134.
 1 APPPATH\Controllers\Home.php(134): CodeIgniter\Debug\Exceptions->errorHandler(2, 'Undefined variable $productmodel', 'C:\\Laragon\\laragon\\www\\ecommercetwo\\app\\Controllers\\Home.php', 134)
 2 SYSTEMPATH\CodeIgniter.php(919): App\Controllers\Home->deletethistoo()
 3 SYSTEMPATH\CodeIgniter.php(494): CodeIgniter\CodeIgniter->runController(Object(App\Controllers\Home))
 4 SYSTEMPATH\CodeIgniter.php(353): CodeIgniter\CodeIgniter->handleRequest(null, Object(Config\Cache), false)
 5 FCPATH\index.php(79): CodeIgniter\CodeIgniter->run()
 6 SYSTEMPATH\Commands\Server\rewrite.php(47): require_once('C:\\Laragon\\laragon\\www\\ecommercetwo\\public\\index.php')
CRITICAL - 2023-10-05 06:33:11 --> Undefined constant "App\Controllers\productmodel"
in APPPATH\Controllers\Home.php on line 134.
 1 SYSTEMPATH\CodeIgniter.php(919): App\Controllers\Home->deletethistoo()
 2 SYSTEMPATH\CodeIgniter.php(494): CodeIgniter\CodeIgniter->runController(Object(App\Controllers\Home))
 3 SYSTEMPATH\CodeIgniter.php(353): CodeIgniter\CodeIgniter->handleRequest(null, Object(Config\Cache), false)
 4 FCPATH\index.php(79): CodeIgniter\CodeIgniter->run()
 5 SYSTEMPATH\Commands\Server\rewrite.php(47): require_once('C:\\Laragon\\laragon\\www\\ecommercetwo\\public\\index.php')
CRITICAL - 2023-10-05 06:34:28 --> Class "App\Controllers\ProductModel" not found
in APPPATH\Controllers\Home.php on line 132.
 1 SYSTEMPATH\CodeIgniter.php(919): App\Controllers\Home->deletethistoo()
 2 SYSTEMPATH\CodeIgniter.php(494): CodeIgniter\CodeIgniter->runController(Object(App\Controllers\Home))
 3 SYSTEMPATH\CodeIgniter.php(353): CodeIgniter\CodeIgniter->handleRequest(null, Object(Config\Cache), false)
 4 FCPATH\index.php(79): CodeIgniter\CodeIgniter->run()
 5 SYSTEMPATH\Commands\Server\rewrite.php(47): require_once('C:\\Laragon\\laragon\\www\\ecommercetwo\\public\\index.php')
CRITICAL - 2023-10-05 06:43:04 --> Undefined constant "App\Controllers\productmodel"
in APPPATH\Controllers\Home.php on line 135.
 1 SYSTEMPATH\CodeIgniter.php(919): App\Controllers\Home->deletethistoo()
 2 SYSTEMPATH\CodeIgniter.php(494): CodeIgniter\CodeIgniter->runController(Object(App\Controllers\Home))
 3 SYSTEMPATH\CodeIgniter.php(353): CodeIgniter\CodeIgniter->handleRequest(null, Object(Config\Cache), false)
 4 FCPATH\index.php(79): CodeIgniter\CodeIgniter->run()
 5 SYSTEMPATH\Commands\Server\rewrite.php(47): require_once('C:\\Laragon\\laragon\\www\\ecommercetwo\\public\\index.php')
CRITICAL - 2023-10-05 06:44:22 --> Class "App\Controllers\ProductModel" not found
in APPPATH\Controllers\Home.php on line 134.
 1 SYSTEMPATH\CodeIgniter.php(919): App\Controllers\Home->deletethistoo()
 2 SYSTEMPATH\CodeIgniter.php(494): CodeIgniter\CodeIgniter->runController(Object(App\Controllers\Home))
 3 SYSTEMPATH\CodeIgniter.php(353): CodeIgniter\CodeIgniter->handleRequest(null, Object(Config\Cache), false)
 4 FCPATH\index.php(79): CodeIgniter\CodeIgniter->run()
 5 SYSTEMPATH\Commands\Server\rewrite.php(47): require_once('C:\\Laragon\\laragon\\www\\ecommercetwo\\public\\index.php')
